{"/Users/robbiekirkbride/Desktop/Projects/frontleft/api/src/app.ts": {"path":"/Users/robbiekirkbride/Desktop/Projects/frontleft/api/src/app.ts","statementMap":{"0":{"start":{"line":1,"column":0},"end":{"line":1,"column":76}},"1":{"start":{"line":2,"column":0},"end":{"line":2,"column":24}},"2":{"start":{"line":3,"column":0},"end":{"line":3,"column":32}},"3":{"start":{"line":4,"column":0},"end":{"line":4,"column":39}},"4":{"start":{"line":5,"column":0},"end":{"line":5,"column":41}},"5":{"start":{"line":6,"column":0},"end":{"line":6,"column":43}},"6":{"start":{"line":7,"column":0},"end":{"line":7,"column":47}},"7":{"start":{"line":8,"column":0},"end":{"line":8,"column":47}},"8":{"start":{"line":10,"column":0},"end":{"line":10,"column":33}},"9":{"start":{"line":11,"column":21},"end":{"line":11,"column":30}},"10":{"start":{"line":46,"column":9},"end":{"line":46,"column":12}},"11":{"start":{"line":13,"column":0},"end":{"line":13,"column":16}},"12":{"start":{"line":15,"column":0},"end":{"line":15,"column":24}},"13":{"start":{"line":18,"column":21},"end":{"line":37,"column":1}},"14":{"start":{"line":20,"column":21},"end":{"line":20,"column":45}},"15":{"start":{"line":21,"column":2},"end":{"line":24,"column":null}},"16":{"start":{"line":23,"column":4},"end":{"line":23,"column":32}},"17":{"start":{"line":25,"column":2},"end":{"line":36,"column":null}},"18":{"start":{"line":27,"column":20},"end":{"line":29,"column":null}},"19":{"start":{"line":32,"column":4},"end":{"line":32,"column":39}},"20":{"start":{"line":33,"column":4},"end":{"line":33,"column":11}},"21":{"start":{"line":35,"column":4},"end":{"line":35,"column":52}},"22":{"start":{"line":41,"column":0},"end":{"line":41,"column":43}},"23":{"start":{"line":42,"column":0},"end":{"line":42,"column":31}},"24":{"start":{"line":43,"column":0},"end":{"line":43,"column":33}},"25":{"start":{"line":44,"column":0},"end":{"line":44,"column":51}}},"fnMap":{"0":{"name":"(anonymous_1)","decl":{"start":{"line":18,"column":21},"end":{"line":18,"column":22}},"loc":{"start":{"line":18,"column":73},"end":{"line":37,"column":1}}}},"branchMap":{"0":{"loc":{"start":{"line":21,"column":2},"end":{"line":24,"column":null}},"type":"if","locations":[{"start":{"line":21,"column":2},"end":{"line":24,"column":null}}]},"1":{"loc":{"start":{"line":25,"column":2},"end":{"line":36,"column":null}},"type":"if","locations":[{"start":{"line":25,"column":2},"end":{"line":36,"column":null}},{"start":{"line":34,"column":9},"end":{"line":36,"column":null}}]}},"s":{"0":3,"1":3,"2":3,"3":3,"4":3,"5":3,"6":3,"7":3,"8":3,"9":3,"10":3,"11":3,"12":3,"13":3,"14":8,"15":8,"16":7,"17":8,"18":7,"19":7,"20":7,"21":1,"22":3,"23":3,"24":3,"25":3},"f":{"0":8},"b":{"0":[7],"1":[7,1]}}
,"/Users/robbiekirkbride/Desktop/Projects/frontleft/api/src/controllers/acts.ts": {"path":"/Users/robbiekirkbride/Desktop/Projects/frontleft/api/src/controllers/acts.ts","statementMap":{"0":{"start":{"line":2,"column":0},"end":{"line":2,"column":43}},"1":{"start":{"line":4,"column":23},"end":{"line":39,"column":2}},"2":{"start":{"line":6,"column":63},"end":{"line":18,"column":null}},"3":{"start":{"line":8,"column":55},"end":{"line":8,"column":63}},"4":{"start":{"line":9,"column":22},"end":{"line":9,"column":73}},"5":{"start":{"line":10,"column":4},"end":{"line":17,"column":null}},"6":{"start":{"line":12,"column":6},"end":{"line":12,"column":23}},"7":{"start":{"line":13,"column":6},"end":{"line":13,"column":46}},"8":{"start":{"line":15,"column":6},"end":{"line":15,"column":25}},"9":{"start":{"line":16,"column":6},"end":{"line":16,"column":59}},"10":{"start":{"line":20,"column":46},"end":{"line":28,"column":null}},"11":{"start":{"line":21,"column":4},"end":{"line":27,"column":null}},"12":{"start":{"line":23,"column":19},"end":{"line":23,"column":64}},"13":{"start":{"line":24,"column":6},"end":{"line":24,"column":37}},"14":{"start":{"line":26,"column":6},"end":{"line":26,"column":56}},"15":{"start":{"line":30,"column":48},"end":{"line":38,"column":null}},"16":{"start":{"line":31,"column":4},"end":{"line":37,"column":null}},"17":{"start":{"line":33,"column":6},"end":{"line":33,"column":61}},"18":{"start":{"line":34,"column":6},"end":{"line":34,"column":51}},"19":{"start":{"line":36,"column":6},"end":{"line":36,"column":59}},"20":{"start":{"line":41,"column":0},"end":{"line":41,"column":30}}},"fnMap":{"0":{"name":"(anonymous_8)","decl":{"start":{"line":6,"column":10},"end":{"line":6,"column":17}},"loc":{"start":{"line":6,"column":63},"end":{"line":18,"column":null}}},"1":{"name":"(anonymous_9)","decl":{"start":{"line":6,"column":63},"end":{"line":6,"column":null}},"loc":{"start":{"line":6,"column":63},"end":{"line":18,"column":3}}},"2":{"name":"(anonymous_10)","decl":{"start":{"line":20,"column":8},"end":{"line":20,"column":15}},"loc":{"start":{"line":20,"column":46},"end":{"line":28,"column":null}}},"3":{"name":"(anonymous_11)","decl":{"start":{"line":20,"column":46},"end":{"line":20,"column":null}},"loc":{"start":{"line":20,"column":46},"end":{"line":28,"column":3}}},"4":{"name":"(anonymous_12)","decl":{"start":{"line":30,"column":10},"end":{"line":30,"column":17}},"loc":{"start":{"line":30,"column":48},"end":{"line":38,"column":null}}},"5":{"name":"(anonymous_13)","decl":{"start":{"line":30,"column":48},"end":{"line":30,"column":null}},"loc":{"start":{"line":30,"column":48},"end":{"line":38,"column":3}}}},"branchMap":{},"s":{"0":3,"1":3,"2":5,"3":5,"4":5,"5":5,"6":5,"7":4,"8":1,"9":1,"10":1,"11":1,"12":1,"13":1,"14":0,"15":1,"16":1,"17":1,"18":1,"19":0,"20":3},"f":{"0":5,"1":5,"2":1,"3":1,"4":1,"5":1},"b":{}}
,"/Users/robbiekirkbride/Desktop/Projects/frontleft/api/src/controllers/pictures.ts": {"path":"/Users/robbiekirkbride/Desktop/Projects/frontleft/api/src/controllers/pictures.ts","statementMap":{"0":{"start":{"line":1,"column":0},"end":{"line":1,"column":26}},"1":{"start":{"line":3,"column":0},"end":{"line":3,"column":35}},"2":{"start":{"line":5,"column":27},"end":{"line":45,"column":2}},"3":{"start":{"line":7,"column":68},"end":{"line":28,"column":null}},"4":{"start":{"line":8,"column":4},"end":{"line":27,"column":null}},"5":{"start":{"line":10,"column":21},"end":{"line":16,"column":19}},"6":{"start":{"line":18,"column":6},"end":{"line":21,"column":8}},"7":{"start":{"line":22,"column":6},"end":{"line":22,"column":17}},"8":{"start":{"line":24,"column":6},"end":{"line":26,"column":8}},"9":{"start":{"line":25,"column":8},"end":{"line":25,"column":55}},"10":{"start":{"line":30,"column":46},"end":{"line":44,"column":null}},"11":{"start":{"line":31,"column":4},"end":{"line":43,"column":null}},"12":{"start":{"line":33,"column":19},"end":{"line":33,"column":53}},"13":{"start":{"line":35,"column":6},"end":{"line":37,"column":null}},"14":{"start":{"line":36,"column":8},"end":{"line":36,"column":26}},"15":{"start":{"line":39,"column":6},"end":{"line":39,"column":43}},"16":{"start":{"line":40,"column":6},"end":{"line":40,"column":29}},"17":{"start":{"line":42,"column":6},"end":{"line":42,"column":29}},"18":{"start":{"line":47,"column":0},"end":{"line":47,"column":34}}},"fnMap":{"0":{"name":"(anonymous_8)","decl":{"start":{"line":7,"column":10},"end":{"line":7,"column":17}},"loc":{"start":{"line":7,"column":68},"end":{"line":28,"column":null}}},"1":{"name":"(anonymous_9)","decl":{"start":{"line":7,"column":68},"end":{"line":7,"column":null}},"loc":{"start":{"line":7,"column":68},"end":{"line":28,"column":3}}},"2":{"name":"(anonymous_10)","decl":{"start":{"line":24,"column":6},"end":{"line":24,"column":7}},"loc":{"start":{"line":24,"column":72},"end":{"line":26,"column":7}}},"3":{"name":"(anonymous_11)","decl":{"start":{"line":30,"column":8},"end":{"line":30,"column":15}},"loc":{"start":{"line":30,"column":46},"end":{"line":44,"column":null}}},"4":{"name":"(anonymous_12)","decl":{"start":{"line":30,"column":46},"end":{"line":30,"column":null}},"loc":{"start":{"line":30,"column":46},"end":{"line":44,"column":3}}}},"branchMap":{"0":{"loc":{"start":{"line":35,"column":6},"end":{"line":37,"column":null}},"type":"if","locations":[{"start":{"line":35,"column":6},"end":{"line":37,"column":null}}]},"1":{"loc":{"start":{"line":35,"column":10},"end":{"line":35,"column":32}},"type":"binary-expr","locations":[{"start":{"line":35,"column":10},"end":{"line":35,"column":15}},{"start":{"line":35,"column":19},"end":{"line":35,"column":32}}]}},"s":{"0":3,"1":3,"2":3,"3":0,"4":0,"5":0,"6":0,"7":0,"8":0,"9":0,"10":0,"11":0,"12":0,"13":0,"14":0,"15":0,"16":0,"17":0,"18":3},"f":{"0":0,"1":0,"2":0,"3":0,"4":0},"b":{"0":[0],"1":[0,0]}}
,"/Users/robbiekirkbride/Desktop/Projects/frontleft/api/src/controllers/tokens.ts": {"path":"/Users/robbiekirkbride/Desktop/Projects/frontleft/api/src/controllers/tokens.ts","statementMap":{"0":{"start":{"line":2,"column":0},"end":{"line":2,"column":37}},"1":{"start":{"line":3,"column":0},"end":{"line":3,"column":35}},"2":{"start":{"line":4,"column":0},"end":{"line":4,"column":28}},"3":{"start":{"line":6,"column":25},"end":{"line":31,"column":2}},"4":{"start":{"line":8,"column":63},"end":{"line":30,"column":null}},"5":{"start":{"line":10,"column":32},"end":{"line":10,"column":40}},"6":{"start":{"line":12,"column":17},"end":{"line":12,"column":53}},"7":{"start":{"line":14,"column":4},"end":{"line":17,"column":null}},"8":{"start":{"line":15,"column":6},"end":{"line":15,"column":76}},"9":{"start":{"line":16,"column":6},"end":{"line":16,"column":13}},"10":{"start":{"line":19,"column":18},"end":{"line":19,"column":63}},"11":{"start":{"line":22,"column":4},"end":{"line":29,"column":null}},"12":{"start":{"line":23,"column":6},"end":{"line":23,"column":79}},"13":{"start":{"line":24,"column":6},"end":{"line":24,"column":13}},"14":{"start":{"line":27,"column":20},"end":{"line":27,"column":53}},"15":{"start":{"line":28,"column":6},"end":{"line":28,"column":79}},"16":{"start":{"line":33,"column":0},"end":{"line":33,"column":32}}},"fnMap":{"0":{"name":"(anonymous_8)","decl":{"start":{"line":8,"column":10},"end":{"line":8,"column":17}},"loc":{"start":{"line":8,"column":63},"end":{"line":30,"column":null}}},"1":{"name":"(anonymous_9)","decl":{"start":{"line":8,"column":63},"end":{"line":8,"column":null}},"loc":{"start":{"line":8,"column":63},"end":{"line":30,"column":3}}}},"branchMap":{"0":{"loc":{"start":{"line":14,"column":4},"end":{"line":17,"column":null}},"type":"if","locations":[{"start":{"line":14,"column":4},"end":{"line":17,"column":null}}]},"1":{"loc":{"start":{"line":22,"column":4},"end":{"line":29,"column":null}},"type":"if","locations":[{"start":{"line":22,"column":4},"end":{"line":29,"column":null}},{"start":{"line":25,"column":11},"end":{"line":29,"column":null}}]}},"s":{"0":3,"1":3,"2":3,"3":3,"4":3,"5":3,"6":3,"7":3,"8":1,"9":1,"10":2,"11":2,"12":1,"13":1,"14":1,"15":1,"16":3},"f":{"0":3,"1":3},"b":{"0":[1],"1":[1,1]}}
,"/Users/robbiekirkbride/Desktop/Projects/frontleft/api/src/controllers/users.ts": {"path":"/Users/robbiekirkbride/Desktop/Projects/frontleft/api/src/controllers/users.ts","statementMap":{"0":{"start":{"line":2,"column":0},"end":{"line":2,"column":35}},"1":{"start":{"line":3,"column":0},"end":{"line":3,"column":28}},"2":{"start":{"line":4,"column":0},"end":{"line":4,"column":49}},"3":{"start":{"line":6,"column":24},"end":{"line":28,"column":2}},"4":{"start":{"line":8,"column":63},"end":{"line":27,"column":null}},"5":{"start":{"line":10,"column":4},"end":{"line":26,"column":null}},"6":{"start":{"line":12,"column":6},"end":{"line":14,"column":62}},"7":{"start":{"line":14,"column":24},"end":{"line":14,"column":60}},"8":{"start":{"line":16,"column":6},"end":{"line":20,"column":9}},"9":{"start":{"line":22,"column":6},"end":{"line":22,"column":54}},"10":{"start":{"line":23,"column":6},"end":{"line":23,"column":46}},"11":{"start":{"line":25,"column":6},"end":{"line":25,"column":74}},"12":{"start":{"line":30,"column":0},"end":{"line":30,"column":31}}},"fnMap":{"0":{"name":"(anonymous_8)","decl":{"start":{"line":8,"column":10},"end":{"line":8,"column":17}},"loc":{"start":{"line":8,"column":63},"end":{"line":27,"column":null}}},"1":{"name":"(anonymous_9)","decl":{"start":{"line":8,"column":63},"end":{"line":8,"column":null}},"loc":{"start":{"line":8,"column":63},"end":{"line":27,"column":3}}},"2":{"name":"(anonymous_10)","decl":{"start":{"line":14,"column":14},"end":{"line":14,"column":15}},"loc":{"start":{"line":14,"column":24},"end":{"line":14,"column":60}}}},"branchMap":{},"s":{"0":3,"1":3,"2":3,"3":3,"4":8,"5":8,"6":8,"7":8,"8":7,"9":3,"10":3,"11":5,"12":3},"f":{"0":8,"1":8,"2":8},"b":{}}
,"/Users/robbiekirkbride/Desktop/Projects/frontleft/api/src/emails/account.ts": {"path":"/Users/robbiekirkbride/Desktop/Projects/frontleft/api/src/emails/account.ts","statementMap":{"0":{"start":{"line":1,"column":0},"end":{"line":1,"column":36}},"1":{"start":{"line":2,"column":0},"end":{"line":2,"column":32}},"2":{"start":{"line":4,"column":0},"end":{"line":4,"column":25}},"3":{"start":{"line":6,"column":0},"end":{"line":6,"column":48}},"4":{"start":{"line":8,"column":25},"end":{"line":16,"column":1}},"5":{"start":{"line":10,"column":2},"end":{"line":15,"column":5}},"6":{"start":{"line":18,"column":0},"end":{"line":18,"column":32}}},"fnMap":{"0":{"name":"(anonymous_1)","decl":{"start":{"line":8,"column":25},"end":{"line":8,"column":26}},"loc":{"start":{"line":8,"column":57},"end":{"line":16,"column":1}}}},"branchMap":{},"s":{"0":2,"1":2,"2":2,"3":2,"4":2,"5":1,"6":2},"f":{"0":1},"b":{}}
,"/Users/robbiekirkbride/Desktop/Projects/frontleft/api/src/models/acts.ts": {"path":"/Users/robbiekirkbride/Desktop/Projects/frontleft/api/src/models/acts.ts","statementMap":{"0":{"start":{"line":1,"column":0},"end":{"line":1,"column":54}},"1":{"start":{"line":15,"column":26},"end":{"line":22,"column":2}},"2":{"start":{"line":25,"column":12},"end":{"line":25,"column":50}},"3":{"start":{"line":27,"column":0},"end":{"line":27,"column":19}}},"fnMap":{},"branchMap":{},"s":{"0":4,"1":4,"2":4,"3":4},"f":{},"b":{}}
,"/Users/robbiekirkbride/Desktop/Projects/frontleft/api/src/models/tokens.ts": {"path":"/Users/robbiekirkbride/Desktop/Projects/frontleft/api/src/models/tokens.ts","statementMap":{"0":{"start":{"line":1,"column":0},"end":{"line":1,"column":31}},"1":{"start":{"line":2,"column":0},"end":{"line":2,"column":32}},"2":{"start":{"line":4,"column":0},"end":{"line":4,"column":25}},"3":{"start":{"line":6,"column":23},"end":{"line":6,"column":46}},"4":{"start":{"line":12,"column":4},"end":{"line":15,"column":6}},"5":{"start":{"line":19,"column":0},"end":{"line":19,"column":21}}},"fnMap":{"0":{"name":"(anonymous_1)","decl":{"start":{"line":10,"column":2},"end":{"line":10,"column":8}},"loc":{"start":{"line":10,"column":37},"end":{"line":16,"column":3}}}},"branchMap":{},"s":{"0":4,"1":4,"2":4,"3":4,"4":7,"5":4},"f":{"0":7},"b":{}}
,"/Users/robbiekirkbride/Desktop/Projects/frontleft/api/src/models/users.ts": {"path":"/Users/robbiekirkbride/Desktop/Projects/frontleft/api/src/models/users.ts","statementMap":{"0":{"start":{"line":1,"column":0},"end":{"line":1,"column":54}},"1":{"start":{"line":12,"column":27},"end":{"line":27,"column":2}},"2":{"start":{"line":29,"column":13},"end":{"line":29,"column":54}},"3":{"start":{"line":31,"column":0},"end":{"line":31,"column":20}}},"fnMap":{},"branchMap":{},"s":{"0":4,"1":4,"2":4,"3":4},"f":{},"b":{}}
,"/Users/robbiekirkbride/Desktop/Projects/frontleft/api/src/routes/acts.ts": {"path":"/Users/robbiekirkbride/Desktop/Projects/frontleft/api/src/routes/acts.ts","statementMap":{"0":{"start":{"line":1,"column":0},"end":{"line":1,"column":33}},"1":{"start":{"line":2,"column":0},"end":{"line":2,"column":49}},"2":{"start":{"line":4,"column":23},"end":{"line":4,"column":31}},"3":{"start":{"line":6,"column":0},"end":{"line":6,"column":40}},"4":{"start":{"line":8,"column":0},"end":{"line":8,"column":37}},"5":{"start":{"line":10,"column":0},"end":{"line":10,"column":42}},"6":{"start":{"line":12,"column":0},"end":{"line":12,"column":22}}},"fnMap":{},"branchMap":{},"s":{"0":3,"1":3,"2":3,"3":3,"4":3,"5":3,"6":3},"f":{},"b":{}}
,"/Users/robbiekirkbride/Desktop/Projects/frontleft/api/src/routes/pictures.ts": {"path":"/Users/robbiekirkbride/Desktop/Projects/frontleft/api/src/routes/pictures.ts","statementMap":{"0":{"start":{"line":1,"column":0},"end":{"line":1,"column":28}},"1":{"start":{"line":2,"column":0},"end":{"line":2,"column":42}},"2":{"start":{"line":3,"column":0},"end":{"line":3,"column":57}},"3":{"start":{"line":5,"column":23},"end":{"line":5,"column":31}},"4":{"start":{"line":7,"column":15},"end":{"line":22,"column":2}},"5":{"start":{"line":14,"column":4},"end":{"line":16,"column":null}},"6":{"start":{"line":15,"column":6},"end":{"line":15,"column":53}},"7":{"start":{"line":18,"column":4},"end":{"line":18,"column":24}},"8":{"start":{"line":24,"column":0},"end":{"line":33,"column":2}},"9":{"start":{"line":35,"column":0},"end":{"line":35,"column":44}},"10":{"start":{"line":37,"column":0},"end":{"line":37,"column":22}}},"fnMap":{"0":{"name":"(anonymous_1)","decl":{"start":{"line":13,"column":2},"end":{"line":13,"column":12}},"loc":{"start":{"line":13,"column":45},"end":{"line":19,"column":3}}}},"branchMap":{"0":{"loc":{"start":{"line":14,"column":4},"end":{"line":16,"column":null}},"type":"if","locations":[{"start":{"line":14,"column":4},"end":{"line":16,"column":null}}]}},"s":{"0":3,"1":3,"2":3,"3":3,"4":3,"5":0,"6":0,"7":0,"8":3,"9":3,"10":3},"f":{"0":0},"b":{"0":[0]}}
,"/Users/robbiekirkbride/Desktop/Projects/frontleft/api/src/routes/tokens.ts": {"path":"/Users/robbiekirkbride/Desktop/Projects/frontleft/api/src/routes/tokens.ts","statementMap":{"0":{"start":{"line":1,"column":0},"end":{"line":1,"column":33}},"1":{"start":{"line":2,"column":0},"end":{"line":2,"column":53}},"2":{"start":{"line":4,"column":23},"end":{"line":4,"column":31}},"3":{"start":{"line":6,"column":0},"end":{"line":6,"column":42}},"4":{"start":{"line":8,"column":0},"end":{"line":8,"column":22}}},"fnMap":{},"branchMap":{},"s":{"0":3,"1":3,"2":3,"3":3,"4":3},"f":{},"b":{}}
,"/Users/robbiekirkbride/Desktop/Projects/frontleft/api/src/routes/users.ts": {"path":"/Users/robbiekirkbride/Desktop/Projects/frontleft/api/src/routes/users.ts","statementMap":{"0":{"start":{"line":1,"column":0},"end":{"line":1,"column":33}},"1":{"start":{"line":2,"column":0},"end":{"line":2,"column":51}},"2":{"start":{"line":4,"column":23},"end":{"line":4,"column":31}},"3":{"start":{"line":6,"column":0},"end":{"line":6,"column":41}},"4":{"start":{"line":8,"column":0},"end":{"line":8,"column":22}}},"fnMap":{},"branchMap":{},"s":{"0":3,"1":3,"2":3,"3":3,"4":3},"f":{},"b":{}}
,"/Users/robbiekirkbride/Desktop/Projects/frontleft/api/src/spec/mongodb_helper.ts": {"path":"/Users/robbiekirkbride/Desktop/Projects/frontleft/api/src/spec/mongodb_helper.ts","statementMap":{"0":{"start":{"line":1,"column":0},"end":{"line":1,"column":32}},"1":{"start":{"line":8,"column":0},"end":{"line":19,"column":3}},"2":{"start":{"line":9,"column":2},"end":{"line":12,"column":31}},"3":{"start":{"line":14,"column":13},"end":{"line":14,"column":32}},"4":{"start":{"line":15,"column":2},"end":{"line":15,"column":75}},"5":{"start":{"line":16,"column":2},"end":{"line":18,"column":5}},"6":{"start":{"line":17,"column":4},"end":{"line":17,"column":11}},"7":{"start":{"line":21,"column":0},"end":{"line":23,"column":3}},"8":{"start":{"line":22,"column":2},"end":{"line":22,"column":30}}},"fnMap":{"0":{"name":"(anonymous_1)","decl":{"start":{"line":8,"column":10},"end":{"line":8,"column":20}},"loc":{"start":{"line":8,"column":29},"end":{"line":19,"column":1}}},"1":{"name":"(anonymous_2)","decl":{"start":{"line":16,"column":18},"end":{"line":16,"column":null}},"loc":{"start":{"line":16,"column":18},"end":{"line":18,"column":3}}},"2":{"name":"(anonymous_3)","decl":{"start":{"line":21,"column":9},"end":{"line":21,"column":null}},"loc":{"start":{"line":21,"column":9},"end":{"line":23,"column":1}}}},"branchMap":{},"s":{"0":5,"1":5,"2":5,"3":5,"4":5,"5":5,"6":5,"7":5,"8":5},"f":{"0":5,"1":5,"2":5},"b":{}}
}
