TN:
SF:build/app.js
FN:2,(anonymous_0)
FN:20,(anonymous_1)
FNF:2
FNH:2
FNDA:18,(anonymous_0)
FNDA:6,(anonymous_1)
DA:2,3
DA:3,18
DA:5,3
DA:6,3
DA:7,3
DA:8,3
DA:9,3
DA:10,3
DA:11,3
DA:12,3
DA:13,3
DA:14,3
DA:15,3
DA:16,3
DA:17,3
DA:18,3
DA:20,3
DA:22,6
DA:23,6
DA:24,5
DA:26,6
DA:27,5
DA:28,5
DA:29,5
DA:32,1
DA:35,3
DA:36,3
DA:37,3
LF:28
LH:28
BRDA:2,0,0,3
BRDA:2,0,1,3
BRDA:2,0,2,3
BRDA:3,1,0,9
BRDA:3,1,1,9
BRDA:3,2,0,18
BRDA:3,2,1,18
BRDA:23,3,0,5
BRDA:23,3,1,1
BRDA:26,4,0,5
BRDA:26,4,1,1
BRF:11
BRH:11
end_of_record
TN:
SF:build/controllers/acts.js
FN:2,(anonymous_0)
FN:3,adopt
FN:3,(anonymous_2)
FN:4,(anonymous_3)
FN:5,fulfilled
FN:6,rejected
FN:7,step
FN:11,(anonymous_7)
FN:17,(anonymous_8)
FN:17,(anonymous_9)
FN:29,(anonymous_10)
FN:29,(anonymous_11)
FNF:12
FNH:12
FNDA:5,(anonymous_0)
FNDA:5,adopt
FNDA:1,(anonymous_2)
FNDA:5,(anonymous_3)
FNDA:4,fulfilled
FNDA:1,rejected
FNDA:10,step
FNDA:3,(anonymous_7)
FNDA:4,(anonymous_8)
FNDA:4,(anonymous_9)
FNDA:1,(anonymous_10)
FNDA:1,(anonymous_11)
DA:2,3
DA:3,5
DA:4,5
DA:5,4
DA:6,1
DA:7,10
DA:8,5
DA:11,3
DA:12,3
DA:14,3
DA:15,3
DA:16,3
DA:17,4
DA:18,4
DA:19,4
DA:20,4
DA:21,4
DA:22,3
DA:25,1
DA:26,1
DA:29,1
DA:30,1
DA:31,1
DA:32,1
DA:35,0
DA:36,0
DA:40,3
LF:27
LH:25
BRDA:2,0,0,3
BRDA:2,0,1,3
BRDA:2,0,2,3
BRDA:3,1,0,4
BRDA:3,1,1,1
BRDA:4,2,0,5
BRDA:4,2,1,5
BRDA:7,3,0,5
BRDA:7,3,1,5
BRDA:8,4,0,5
BRDA:8,4,1,5
BRDA:11,5,0,3
BRDA:11,5,1,3
BRDA:11,5,2,3
BRDA:12,6,0,3
BRDA:12,6,1,0
BRDA:12,7,0,3
BRDA:12,7,1,3
BRF:18
BRH:17
end_of_record
TN:
SF:build/controllers/tokens.js
FN:2,(anonymous_0)
FN:3,adopt
FN:3,(anonymous_2)
FN:4,(anonymous_3)
FN:5,fulfilled
FN:6,rejected
FN:7,step
FN:11,(anonymous_7)
FN:19,(anonymous_8)
FN:19,(anonymous_9)
FN:29,(anonymous_10)
FNF:11
FNH:9
FNDA:3,(anonymous_0)
FNDA:6,adopt
FNDA:4,(anonymous_2)
FNDA:3,(anonymous_3)
FNDA:6,fulfilled
FNDA:0,rejected
FNDA:9,step
FNDA:9,(anonymous_7)
FNDA:3,(anonymous_8)
FNDA:3,(anonymous_9)
FNDA:0,(anonymous_10)
DA:2,3
DA:3,6
DA:4,3
DA:5,6
DA:6,0
DA:7,9
DA:8,3
DA:11,3
DA:12,9
DA:14,3
DA:15,3
DA:16,3
DA:17,3
DA:18,3
DA:19,3
DA:20,3
DA:21,3
DA:22,3
DA:23,3
DA:24,1
DA:25,1
DA:27,2
DA:29,0
DA:30,2
DA:31,1
DA:34,1
DA:35,1
DA:39,3
LF:28
LH:26
BRDA:2,0,0,3
BRDA:2,0,1,3
BRDA:2,0,2,3
BRDA:3,1,0,2
BRDA:3,1,1,4
BRDA:4,2,0,3
BRDA:4,2,1,3
BRDA:7,3,0,3
BRDA:7,3,1,6
BRDA:8,4,0,3
BRDA:8,4,1,3
BRDA:11,5,0,3
BRDA:11,5,1,3
BRDA:11,5,2,3
BRDA:12,6,0,6
BRDA:12,6,1,3
BRDA:12,7,0,9
BRDA:12,7,1,9
BRDA:23,8,0,1
BRDA:23,8,1,2
BRDA:30,9,0,1
BRDA:30,9,1,1
BRF:22
BRH:22
end_of_record
TN:
SF:build/controllers/users.js
FN:2,(anonymous_0)
FN:3,adopt
FN:3,(anonymous_2)
FN:4,(anonymous_3)
FN:5,fulfilled
FN:6,rejected
FN:7,step
FN:11,(anonymous_7)
FN:18,(anonymous_8)
FN:18,(anonymous_9)
FN:23,(anonymous_10)
FNF:11
FNH:10
FNDA:8,(anonymous_0)
FNDA:15,adopt
FNDA:0,(anonymous_2)
FNDA:8,(anonymous_3)
FNDA:10,fulfilled
FNDA:5,rejected
FNDA:23,step
FNDA:6,(anonymous_7)
FNDA:8,(anonymous_8)
FNDA:8,(anonymous_9)
FNDA:8,(anonymous_10)
DA:2,3
DA:3,15
DA:4,8
DA:5,10
DA:6,5
DA:7,23
DA:8,8
DA:11,3
DA:12,6
DA:14,3
DA:15,3
DA:16,3
DA:17,3
DA:18,8
DA:20,8
DA:21,8
DA:23,8
DA:24,7
DA:29,3
DA:32,5
DA:36,3
LF:21
LH:21
BRDA:2,0,0,3
BRDA:2,0,1,3
BRDA:2,0,2,3
BRDA:3,1,0,15
BRDA:3,1,1,0
BRDA:4,2,0,8
BRDA:4,2,1,8
BRDA:7,3,0,8
BRDA:7,3,1,15
BRDA:8,4,0,8
BRDA:8,4,1,8
BRDA:11,5,0,3
BRDA:11,5,1,3
BRDA:11,5,2,3
BRDA:12,6,0,3
BRDA:12,6,1,3
BRDA:12,7,0,6
BRDA:12,7,1,6
BRF:18
BRH:17
end_of_record
TN:
SF:build/models/acts.js
FN:2,(anonymous_0)
FN:6,(anonymous_1)
FN:9,(anonymous_2)
FN:13,(anonymous_3)
FN:15,(anonymous_4)
FN:18,(anonymous_5)
FNF:6
FNH:4
FNDA:204,(anonymous_0)
FNDA:4,(anonymous_1)
FNDA:0,(anonymous_2)
FNDA:4,(anonymous_3)
FNDA:0,(anonymous_4)
FNDA:4,(anonymous_5)
DA:2,4
DA:3,204
DA:4,204
DA:5,204
DA:6,200
DA:8,204
DA:10,0
DA:11,0
DA:13,4
DA:14,4
DA:16,0
DA:18,4
DA:19,4
DA:20,4
DA:21,236
DA:22,4
DA:23,4
DA:25,4
DA:26,4
DA:27,4
DA:35,4
DA:36,4
LF:22
LH:19
BRDA:2,0,0,4
BRDA:2,0,1,4
BRDA:2,0,2,4
BRDA:2,1,0,4
BRDA:2,1,1,0
BRDA:3,2,0,204
BRDA:3,2,1,0
BRDA:5,3,0,200
BRDA:5,3,1,4
BRDA:5,4,0,204
BRDA:5,4,1,204
BRDA:5,5,0,0
BRDA:5,5,1,204
BRDA:5,6,0,204
BRDA:5,6,1,4
BRDA:10,7,0,0
BRDA:10,7,1,0
BRDA:13,8,0,4
BRDA:13,8,1,4
BRDA:13,8,2,4
BRDA:13,9,0,4
BRDA:13,9,1,0
BRDA:18,10,0,4
BRDA:18,10,1,4
BRDA:18,10,2,4
BRDA:19,11,0,0
BRDA:19,11,1,4
BRDA:19,12,0,4
BRDA:19,12,1,4
BRDA:21,13,0,4
BRDA:21,13,1,0
BRDA:21,14,0,204
BRDA:21,14,1,32
BRDA:21,15,0,236
BRDA:21,15,1,232
BRF:35
BRH:27
end_of_record
TN:
SF:build/models/tokens.js
FN:2,(anonymous_0)
FN:11,(anonymous_1)
FNF:2
FNH:2
FNDA:4,(anonymous_0)
FNDA:6,(anonymous_1)
DA:2,4
DA:3,4
DA:5,4
DA:6,4
DA:7,4
DA:8,4
DA:9,4
DA:12,6
DA:15,4
LF:9
LH:9
BRDA:2,0,0,4
BRDA:2,0,1,4
BRDA:2,0,2,4
BRDA:3,1,0,0
BRDA:3,1,1,4
BRDA:3,2,0,4
BRDA:3,2,1,4
BRF:7
BRH:6
end_of_record
TN:
SF:build/models/users.js
FN:2,(anonymous_0)
FN:6,(anonymous_1)
FN:9,(anonymous_2)
FN:13,(anonymous_3)
FN:15,(anonymous_4)
FN:18,(anonymous_5)
FNF:6
FNH:4
FNDA:204,(anonymous_0)
FNDA:4,(anonymous_1)
FNDA:0,(anonymous_2)
FNDA:4,(anonymous_3)
FNDA:0,(anonymous_4)
FNDA:4,(anonymous_5)
DA:2,4
DA:3,204
DA:4,204
DA:5,204
DA:6,200
DA:8,204
DA:10,0
DA:11,0
DA:13,4
DA:14,4
DA:16,0
DA:18,4
DA:19,4
DA:20,4
DA:21,236
DA:22,4
DA:23,4
DA:25,4
DA:26,4
DA:27,4
DA:38,4
DA:39,4
LF:22
LH:19
BRDA:2,0,0,4
BRDA:2,0,1,4
BRDA:2,0,2,4
BRDA:2,1,0,4
BRDA:2,1,1,0
BRDA:3,2,0,204
BRDA:3,2,1,0
BRDA:5,3,0,200
BRDA:5,3,1,4
BRDA:5,4,0,204
BRDA:5,4,1,204
BRDA:5,5,0,0
BRDA:5,5,1,204
BRDA:5,6,0,204
BRDA:5,6,1,4
BRDA:10,7,0,0
BRDA:10,7,1,0
BRDA:13,8,0,4
BRDA:13,8,1,4
BRDA:13,8,2,4
BRDA:13,9,0,4
BRDA:13,9,1,0
BRDA:18,10,0,4
BRDA:18,10,1,4
BRDA:18,10,2,4
BRDA:19,11,0,0
BRDA:19,11,1,4
BRDA:19,12,0,4
BRDA:19,12,1,4
BRDA:21,13,0,4
BRDA:21,13,1,0
BRDA:21,14,0,204
BRDA:21,14,1,32
BRDA:21,15,0,236
BRDA:21,15,1,232
BRF:35
BRH:27
end_of_record
TN:
SF:build/routes/acts.js
FN:2,(anonymous_0)
FNF:1
FNH:1
FNDA:3,(anonymous_0)
DA:2,3
DA:3,3
DA:5,3
DA:6,3
DA:7,3
DA:8,3
DA:9,3
DA:10,3
DA:11,3
LF:9
LH:9
BRDA:2,0,0,3
BRDA:2,0,1,3
BRDA:2,0,2,3
BRDA:3,1,0,3
BRDA:3,1,1,0
BRDA:3,2,0,3
BRDA:3,2,1,3
BRF:7
BRH:6
end_of_record
TN:
SF:build/routes/tokens.js
FN:2,(anonymous_0)
FNF:1
FNH:1
FNDA:3,(anonymous_0)
DA:2,3
DA:3,3
DA:5,3
DA:6,3
DA:7,3
DA:8,3
DA:9,3
DA:10,3
LF:8
LH:8
BRDA:2,0,0,3
BRDA:2,0,1,3
BRDA:2,0,2,3
BRDA:3,1,0,3
BRDA:3,1,1,0
BRDA:3,2,0,3
BRDA:3,2,1,3
BRF:7
BRH:6
end_of_record
TN:
SF:build/routes/users.js
FN:2,(anonymous_0)
FNF:1
FNH:1
FNDA:3,(anonymous_0)
DA:2,3
DA:3,3
DA:5,3
DA:6,3
DA:7,3
DA:8,3
DA:9,3
DA:10,3
LF:8
LH:8
BRDA:2,0,0,3
BRDA:2,0,1,3
BRDA:2,0,2,3
BRDA:3,1,0,3
BRDA:3,1,1,0
BRDA:3,2,0,3
BRDA:3,2,1,3
BRF:7
BRH:6
end_of_record
TN:
SF:build/spec/mongodb_helper.js
FN:2,(anonymous_0)
FN:7,(anonymous_1)
FN:14,(anonymous_2)
FN:18,(anonymous_3)
FNF:4
FNH:4
FNDA:5,(anonymous_0)
FNDA:5,(anonymous_1)
FNDA:5,(anonymous_2)
FNDA:5,(anonymous_3)
DA:2,5
DA:3,5
DA:5,5
DA:6,5
DA:7,5
DA:8,5
DA:12,5
DA:13,5
DA:14,5
DA:15,5
DA:18,5
DA:19,5
LF:12
LH:12
BRDA:2,0,0,5
BRDA:2,0,1,5
BRDA:2,0,2,5
BRDA:3,1,0,0
BRDA:3,1,1,5
BRDA:3,2,0,5
BRDA:3,2,1,5
BRF:7
BRH:6
end_of_record
TN:
SF:src/app.ts
FN:15,(anonymous_1)
FNF:1
FNH:1
FNDA:6,(anonymous_1)
DA:1,3
DA:2,3
DA:3,3
DA:4,3
DA:5,3
DA:6,3
DA:7,3
DA:9,3
DA:10,3
DA:11,3
DA:12,3
DA:15,3
DA:17,6
DA:19,6
DA:20,5
DA:23,6
DA:24,5
DA:25,5
DA:26,5
DA:28,1
DA:32,3
DA:33,3
DA:34,3
DA:36,3
LF:24
LH:24
BRDA:19,0,0,5
BRDA:23,1,0,5
BRDA:23,1,1,1
BRF:3
BRH:3
end_of_record
TN:
SF:src/controllers/acts.ts
FN:5,(anonymous_8)
FN:5,(anonymous_9)
FN:17,(anonymous_10)
FN:17,(anonymous_11)
FNF:4
FNH:4
FNDA:4,(anonymous_8)
FNDA:4,(anonymous_9)
FNDA:1,(anonymous_10)
FNDA:1,(anonymous_11)
DA:2,3
DA:4,3
DA:5,4
DA:6,4
DA:7,4
DA:9,4
DA:10,4
DA:11,3
DA:13,1
DA:14,1
DA:17,1
DA:18,1
DA:19,1
DA:20,1
DA:22,0
DA:23,0
DA:28,3
LF:17
LH:15
BRF:0
BRH:0
end_of_record
TN:
SF:src/controllers/tokens.ts
FN:7,(anonymous_8)
FN:7,(anonymous_9)
FN:17,(anonymous_10)
FNF:3
FNH:2
FNDA:3,(anonymous_8)
FNDA:3,(anonymous_9)
FNDA:0,(anonymous_10)
DA:2,3
DA:3,3
DA:4,3
DA:6,3
DA:7,3
DA:8,3
DA:9,3
DA:10,3
DA:11,3
DA:12,1
DA:13,1
DA:15,2
DA:17,0
DA:18,2
DA:19,1
DA:21,1
DA:22,1
DA:27,3
LF:18
LH:17
BRDA:11,0,0,1
BRDA:18,1,0,1
BRDA:18,1,1,1
BRF:3
BRH:3
end_of_record
TN:
SF:src/controllers/users.ts
FN:6,(anonymous_8)
FN:6,(anonymous_9)
FN:11,(anonymous_10)
FNF:3
FNH:3
FNDA:8,(anonymous_8)
FNDA:8,(anonymous_9)
FNDA:8,(anonymous_10)
DA:2,3
DA:3,3
DA:5,3
DA:6,8
DA:8,8
DA:9,8
DA:11,8
DA:13,7
DA:18,3
DA:20,5
DA:25,3
LF:11
LH:11
BRF:0
BRH:0
end_of_record
TN:
SF:src/models/acts.ts
FNF:0
FNH:0
DA:1,4
DA:12,4
DA:21,4
DA:23,4
LF:4
LH:4
BRF:0
BRH:0
end_of_record
TN:
SF:src/models/tokens.ts
FN:7,(anonymous_1)
FNF:1
FNH:1
FNDA:6,(anonymous_1)
DA:1,4
DA:2,4
DA:3,4
DA:4,4
DA:8,6
DA:15,4
LF:6
LH:6
BRF:0
BRH:0
end_of_record
TN:
SF:src/models/users.ts
FNF:0
FNH:0
DA:1,4
DA:9,4
DA:21,4
DA:23,4
LF:4
LH:4
BRF:0
BRH:0
end_of_record
TN:
SF:src/routes/acts.ts
FNF:0
FNH:0
DA:1,3
DA:2,3
DA:4,3
DA:6,3
DA:7,3
DA:9,3
LF:6
LH:6
BRF:0
BRH:0
end_of_record
TN:
SF:src/routes/tokens.ts
FNF:0
FNH:0
DA:1,3
DA:2,3
DA:4,3
DA:6,3
DA:8,3
LF:5
LH:5
BRF:0
BRH:0
end_of_record
TN:
SF:src/routes/users.ts
FNF:0
FNH:0
DA:1,3
DA:2,3
DA:4,3
DA:6,3
DA:8,3
LF:5
LH:5
BRF:0
BRH:0
end_of_record
TN:
SF:src/spec/mongodb_helper.ts
FN:8,(anonymous_1)
FN:16,(anonymous_2)
FN:21,(anonymous_3)
FNF:3
FNH:3
FNDA:5,(anonymous_1)
FNDA:5,(anonymous_2)
FNDA:5,(anonymous_3)
DA:1,5
DA:8,5
DA:9,5
DA:14,5
DA:15,5
DA:16,5
DA:17,5
DA:21,5
DA:22,5
LF:9
LH:9
BRF:0
BRH:0
end_of_record
