TN:
SF:src/app.ts
FN:18,(anonymous_1)
FNF:1
FNH:1
FNDA:8,(anonymous_1)
DA:1,3
DA:2,3
DA:3,3
DA:4,3
DA:5,3
DA:6,3
DA:7,3
DA:8,3
DA:10,3
DA:11,3
DA:13,3
DA:15,3
DA:18,3
DA:20,8
DA:21,8
DA:23,7
DA:25,8
DA:27,7
DA:32,7
DA:33,7
DA:35,1
DA:41,3
DA:42,3
DA:43,3
DA:44,3
DA:46,3
LF:26
LH:26
BRDA:21,0,0,7
BRDA:25,1,0,7
BRDA:25,1,1,1
BRF:3
BRH:3
end_of_record
TN:
SF:src/controllers/acts.ts
FN:6,(anonymous_8)
FN:6,(anonymous_9)
FN:20,(anonymous_10)
FN:20,(anonymous_11)
FN:30,(anonymous_12)
FN:30,(anonymous_13)
FNF:6
FNH:6
FNDA:5,(anonymous_8)
FNDA:5,(anonymous_9)
FNDA:1,(anonymous_10)
FNDA:1,(anonymous_11)
FNDA:1,(anonymous_12)
FNDA:1,(anonymous_13)
DA:2,3
DA:4,3
DA:6,5
DA:8,5
DA:9,5
DA:10,5
DA:12,5
DA:13,4
DA:15,1
DA:16,1
DA:20,1
DA:21,1
DA:23,1
DA:24,1
DA:26,0
DA:30,1
DA:31,1
DA:33,1
DA:34,1
DA:36,0
DA:41,3
LF:21
LH:19
BRF:0
BRH:0
end_of_record
TN:
SF:src/controllers/pictures.ts
FN:7,(anonymous_8)
FN:7,(anonymous_9)
FN:24,(anonymous_10)
FN:30,(anonymous_11)
FN:30,(anonymous_12)
FNF:5
FNH:0
FNDA:0,(anonymous_8)
FNDA:0,(anonymous_9)
FNDA:0,(anonymous_10)
FNDA:0,(anonymous_11)
FNDA:0,(anonymous_12)
DA:1,3
DA:3,3
DA:5,3
DA:7,0
DA:8,0
DA:10,0
DA:18,0
DA:22,0
DA:24,0
DA:25,0
DA:30,0
DA:31,0
DA:33,0
DA:35,0
DA:36,0
DA:39,0
DA:40,0
DA:42,0
DA:47,3
LF:19
LH:4
BRDA:35,0,0,0
BRDA:35,1,0,0
BRDA:35,1,1,0
BRF:3
BRH:0
end_of_record
TN:
SF:src/controllers/tokens.ts
FN:8,(anonymous_8)
FN:8,(anonymous_9)
FN:21,(anonymous_10)
FNF:3
FNH:2
FNDA:3,(anonymous_8)
FNDA:3,(anonymous_9)
FNDA:0,(anonymous_10)
DA:2,3
DA:3,3
DA:4,3
DA:6,3
DA:8,3
DA:10,3
DA:12,3
DA:14,3
DA:15,1
DA:16,1
DA:19,2
DA:21,0
DA:23,2
DA:24,1
DA:27,1
DA:28,1
DA:33,3
LF:17
LH:16
BRDA:14,0,0,1
BRDA:23,1,0,1
BRDA:23,1,1,1
BRF:3
BRH:3
end_of_record
TN:
SF:src/controllers/users.ts
FN:8,(anonymous_8)
FN:8,(anonymous_9)
FN:14,(anonymous_10)
FNF:3
FNH:3
FNDA:8,(anonymous_8)
FNDA:8,(anonymous_9)
FNDA:8,(anonymous_10)
DA:2,3
DA:3,3
DA:4,3
DA:6,3
DA:8,8
DA:10,8
DA:12,8
DA:14,8
DA:16,7
DA:22,3
DA:23,3
DA:25,5
DA:30,3
LF:13
LH:13
BRF:0
BRH:0
end_of_record
TN:
SF:src/emails/account.ts
FN:8,(anonymous_1)
FNF:1
FNH:1
FNDA:1,(anonymous_1)
DA:1,2
DA:2,2
DA:4,2
DA:6,2
DA:8,2
DA:10,1
DA:18,2
LF:7
LH:7
BRF:0
BRH:0
end_of_record
TN:
SF:src/models/acts.ts
FNF:0
FNH:0
DA:1,4
DA:15,4
DA:25,4
DA:27,4
LF:4
LH:4
BRF:0
BRH:0
end_of_record
TN:
SF:src/models/tokens.ts
FN:10,(anonymous_1)
FNF:1
FNH:1
FNDA:7,(anonymous_1)
DA:1,4
DA:2,4
DA:4,4
DA:6,4
DA:12,7
DA:19,4
LF:6
LH:6
BRF:0
BRH:0
end_of_record
TN:
SF:src/models/users.ts
FNF:0
FNH:0
DA:1,4
DA:12,4
DA:29,4
DA:31,4
LF:4
LH:4
BRF:0
BRH:0
end_of_record
TN:
SF:src/routes/acts.ts
FNF:0
FNH:0
DA:1,3
DA:2,3
DA:4,3
DA:6,3
DA:8,3
DA:10,3
DA:12,3
LF:7
LH:7
BRF:0
BRH:0
end_of_record
TN:
SF:src/routes/pictures.ts
FN:13,(anonymous_1)
FNF:1
FNH:0
FNDA:0,(anonymous_1)
DA:1,3
DA:2,3
DA:3,3
DA:5,3
DA:7,3
DA:14,0
DA:15,0
DA:18,0
DA:24,3
DA:35,3
DA:37,3
LF:11
LH:8
BRDA:14,0,0,0
BRF:1
BRH:0
end_of_record
TN:
SF:src/routes/tokens.ts
FNF:0
FNH:0
DA:1,3
DA:2,3
DA:4,3
DA:6,3
DA:8,3
LF:5
LH:5
BRF:0
BRH:0
end_of_record
TN:
SF:src/routes/users.ts
FNF:0
FNH:0
DA:1,3
DA:2,3
DA:4,3
DA:6,3
DA:8,3
LF:5
LH:5
BRF:0
BRH:0
end_of_record
TN:
SF:src/spec/mongodb_helper.ts
FN:8,(anonymous_1)
FN:16,(anonymous_2)
FN:21,(anonymous_3)
FNF:3
FNH:3
FNDA:5,(anonymous_1)
FNDA:5,(anonymous_2)
FNDA:5,(anonymous_3)
DA:1,5
DA:8,5
DA:9,5
DA:14,5
DA:15,5
DA:16,5
DA:17,5
DA:21,5
DA:22,5
LF:9
LH:9
BRF:0
BRH:0
end_of_record
